<?xml version="1.0" encoding="UTF-8"?>
<testng-results ignored="0" total="5" passed="4" failed="1" skipped="0">
  <reporter-output>
    <line>
      <![CDATA[Date is selected ]]>
    </line>
    <line>
      <![CDATA[Travel with pets - Yes]]>
    </line>
    <line>
      <![CDATA[Done and Dusted]]>
    </line>
    <line>
      <![CDATA[Date is selected ]]>
    </line>
    <line>
      <![CDATA[Travel with pets - Yes]]>
    </line>
    <line>
      <![CDATA[Done and Dusted]]>
    </line>
  </reporter-output>
  <suite started-at="2024-08-27T14:35:59 IST" name="Multiple run suite" finished-at="2024-08-27T14:40:57 IST" duration-ms="297805">
    <groups>
      <group name="Integrated Flow">
        <method signature="TC_Stays.TC_004_Search()[pri:0, instance:Test_Cases.TC_Stays@272113c4]" name="TC_004_Search" class="Test_Cases.TC_Stays"/>
      </group> <!-- Integrated Flow -->
      <group name="Unit">
        <method signature="TC_Stays.TC_001_Place()[pri:0, instance:Test_Cases.TC_Stays@272113c4]" name="TC_001_Place" class="Test_Cases.TC_Stays"/>
        <method signature="TC_Stays.TC_002_Date()[pri:0, instance:Test_Cases.TC_Stays@272113c4]" name="TC_002_Date" class="Test_Cases.TC_Stays"/>
        <method signature="TC_Stays.TC_003_members()[pri:0, instance:Test_Cases.TC_Stays@272113c4]" name="TC_003_members" class="Test_Cases.TC_Stays"/>
      </group> <!-- Unit -->
    </groups>
    <test started-at="2024-08-27T14:35:59 IST" name="Test" finished-at="2024-08-27T14:40:57 IST" duration-ms="297805">
      <class name="Test_Cases.TC_Stays">
        <test-method is-config="true" signature="All_browser(java.lang.String)[pri:0, instance:Test_Cases.TC_Stays@272113c4]" started-at="2024-08-27T14:35:59 IST" name="All_browser" finished-at="2024-08-27T14:36:43 IST" duration-ms="43630" status="PASS">
          <params>
            <param index="0">
              <value>
                <![CDATA[chrome]]>
              </value>
            </param>
          </params>
          <reporter-output>
          </reporter-output>
        </test-method> <!-- All_browser -->
        <test-method signature="TC_001_Place()[pri:0, instance:Test_Cases.TC_Stays@272113c4]" started-at="2024-08-27T14:36:43 IST" name="TC_001_Place" finished-at="2024-08-27T14:36:55 IST" duration-ms="12289" status="PASS">
          <reporter-output>
          </reporter-output>
        </test-method> <!-- TC_001_Place -->
        <test-method is-config="true" signature="quit()[pri:0, instance:Test_Cases.TC_Stays@272113c4]" started-at="2024-08-27T14:36:56 IST" name="quit" finished-at="2024-08-27T14:36:56 IST" duration-ms="86" status="PASS">
          <reporter-output>
          </reporter-output>
        </test-method> <!-- quit -->
        <test-method is-config="true" signature="All_browser(java.lang.String)[pri:0, instance:Test_Cases.TC_Stays@272113c4]" started-at="2024-08-27T14:36:56 IST" name="All_browser" finished-at="2024-08-27T14:37:07 IST" duration-ms="11345" status="PASS">
          <params>
            <param index="0">
              <value>
                <![CDATA[chrome]]>
              </value>
            </param>
          </params>
          <reporter-output>
          </reporter-output>
        </test-method> <!-- All_browser -->
        <test-method signature="TC_002_Date()[pri:0, instance:Test_Cases.TC_Stays@272113c4]" started-at="2024-08-27T14:37:07 IST" name="TC_002_Date" finished-at="2024-08-27T14:37:33 IST" duration-ms="26165" status="FAIL">
          <exception class="org.openqa.selenium.NoSuchElementException">
            <message>
              <![CDATA[no such element: Unable to locate element: {"method":"xpath","selector":"//button[@aria-controls='flexible-searchboxdatepicker']"}
  (Session info: chrome=127.0.6533.120)
For documentation on this error, please visit: https://www.selenium.dev/documentation/webdriver/troubleshooting/errors#no-such-element-exception
Build info: version: '4.23.0', revision: '4df0a231af'
System info: os.name: 'Windows 11', os.arch: 'amd64', os.version: '10.0', java.version: '17.0.5'
Driver info: org.openqa.selenium.chrome.ChromeDriver
Command: [57c7424d7eb6bed7f1c2b79c18753bcd, findElement {value=//button[@aria-controls='flexible-searchboxdatepicker'], using=xpath}]
Capabilities {acceptInsecureCerts: false, browserName: chrome, browserVersion: 127.0.6533.120, chrome: {chromedriverVersion: 127.0.6533.119 (bdef6783a05..., userDataDir: C:\WINDOWS\SystemTemp\scope...}, fedcm:accounts: true, goog:chromeOptions: {debuggerAddress: localhost:4533}, networkConnectionEnabled: false, pageLoadStrategy: normal, platformName: windows, proxy: Proxy(), se:cdp: ws://localhost:4533/devtool..., se:cdpVersion: 127.0.6533.120, setWindowRect: true, strictFileInteractability: false, timeouts: {implicit: 0, pageLoad: 300000, script: 30000}, unhandledPromptBehavior: dismiss and notify, webauthn:extension:credBlob: true, webauthn:extension:largeBlob: true, webauthn:extension:minPinLength: true, webauthn:extension:prf: true, webauthn:virtualAuthenticators: true}
Session ID: 57c7424d7eb6bed7f1c2b79c18753bcd]]>
            </message>
            <full-stacktrace>
              <![CDATA[org.openqa.selenium.NoSuchElementException: no such element: Unable to locate element: {"method":"xpath","selector":"//button[@aria-controls='flexible-searchboxdatepicker']"}
  (Session info: chrome=127.0.6533.120)
For documentation on this error, please visit: https://www.selenium.dev/documentation/webdriver/troubleshooting/errors#no-such-element-exception
Build info: version: '4.23.0', revision: '4df0a231af'
System info: os.name: 'Windows 11', os.arch: 'amd64', os.version: '10.0', java.version: '17.0.5'
Driver info: org.openqa.selenium.chrome.ChromeDriver
Command: [57c7424d7eb6bed7f1c2b79c18753bcd, findElement {value=//button[@aria-controls='flexible-searchboxdatepicker'], using=xpath}]
Capabilities {acceptInsecureCerts: false, browserName: chrome, browserVersion: 127.0.6533.120, chrome: {chromedriverVersion: 127.0.6533.119 (bdef6783a05..., userDataDir: C:\WINDOWS\SystemTemp\scope...}, fedcm:accounts: true, goog:chromeOptions: {debuggerAddress: localhost:4533}, networkConnectionEnabled: false, pageLoadStrategy: normal, platformName: windows, proxy: Proxy(), se:cdp: ws://localhost:4533/devtool..., se:cdpVersion: 127.0.6533.120, setWindowRect: true, strictFileInteractability: false, timeouts: {implicit: 0, pageLoad: 300000, script: 30000}, unhandledPromptBehavior: dismiss and notify, webauthn:extension:credBlob: true, webauthn:extension:largeBlob: true, webauthn:extension:minPinLength: true, webauthn:extension:prf: true, webauthn:virtualAuthenticators: true}
Session ID: 57c7424d7eb6bed7f1c2b79c18753bcd
at java.base/jdk.internal.reflect.NativeConstructorAccessorImpl.newInstance0(Native Method)
at java.base/jdk.internal.reflect.NativeConstructorAccessorImpl.newInstance(NativeConstructorAccessorImpl.java:77)
at java.base/jdk.internal.reflect.DelegatingConstructorAccessorImpl.newInstance(DelegatingConstructorAccessorImpl.java:45)
at java.base/java.lang.reflect.Constructor.newInstanceWithCaller(Constructor.java:499)
at java.base/java.lang.reflect.Constructor.newInstance(Constructor.java:480)
at org.openqa.selenium.remote.ErrorCodec.decode(ErrorCodec.java:167)
at org.openqa.selenium.remote.codec.w3c.W3CHttpResponseCodec.decode(W3CHttpResponseCodec.java:138)
at org.openqa.selenium.remote.codec.w3c.W3CHttpResponseCodec.decode(W3CHttpResponseCodec.java:50)
at org.openqa.selenium.remote.HttpCommandExecutor.execute(HttpCommandExecutor.java:190)
at org.openqa.selenium.remote.service.DriverCommandExecutor.invokeExecute(DriverCommandExecutor.java:216)
at org.openqa.selenium.remote.service.DriverCommandExecutor.execute(DriverCommandExecutor.java:174)
at org.openqa.selenium.remote.RemoteWebDriver.execute(RemoteWebDriver.java:527)
at org.openqa.selenium.remote.ElementLocation$ElementFinder$2.findElement(ElementLocation.java:165)
at org.openqa.selenium.remote.ElementLocation.findElement(ElementLocation.java:59)
at org.openqa.selenium.remote.RemoteWebDriver.findElement(RemoteWebDriver.java:357)
at org.openqa.selenium.remote.RemoteWebDriver.findElement(RemoteWebDriver.java:351)
at org.openqa.selenium.support.pagefactory.DefaultElementLocator.findElement(DefaultElementLocator.java:68)
at org.openqa.selenium.support.pagefactory.internal.LocatingElementHandler.invoke(LocatingElementHandler.java:38)
at jdk.proxy2/jdk.proxy2.$Proxy15.click(Unknown Source)
at Page_Object.Stays.Date(Stays.java:91)
at Test_Cases.TC_Stays.TC_002_Date(TC_Stays.java:23)
at java.base/jdk.internal.reflect.NativeMethodAccessorImpl.invoke0(Native Method)
at java.base/jdk.internal.reflect.NativeMethodAccessorImpl.invoke(NativeMethodAccessorImpl.java:77)
at java.base/jdk.internal.reflect.DelegatingMethodAccessorImpl.invoke(DelegatingMethodAccessorImpl.java:43)
at java.base/java.lang.reflect.Method.invoke(Method.java:568)
at org.testng.internal.invokers.MethodInvocationHelper.invokeMethod(MethodInvocationHelper.java:139)
at org.testng.internal.invokers.TestInvoker.invokeMethod(TestInvoker.java:677)
at org.testng.internal.invokers.TestInvoker.invokeTestMethod(TestInvoker.java:221)
at org.testng.internal.invokers.MethodRunner.runInSequence(MethodRunner.java:50)
at org.testng.internal.invokers.TestInvoker$MethodInvocationAgent.invoke(TestInvoker.java:969)
at org.testng.internal.invokers.TestInvoker.invokeTestMethods(TestInvoker.java:194)
at org.testng.internal.invokers.TestMethodWorker.invokeTestMethods(TestMethodWorker.java:148)
at org.testng.internal.invokers.TestMethodWorker.run(TestMethodWorker.java:128)
at java.base/java.util.ArrayList.forEach(ArrayList.java:1511)
at org.testng.TestRunner.privateRun(TestRunner.java:829)
at org.testng.TestRunner.run(TestRunner.java:602)
at org.testng.SuiteRunner.runTest(SuiteRunner.java:437)
at org.testng.SuiteRunner.runSequentially(SuiteRunner.java:431)
at org.testng.SuiteRunner.privateRun(SuiteRunner.java:391)
at org.testng.SuiteRunner.run(SuiteRunner.java:330)
at org.testng.SuiteRunnerWorker.runSuite(SuiteRunnerWorker.java:52)
at org.testng.SuiteRunnerWorker.run(SuiteRunnerWorker.java:95)
at org.testng.TestNG.runSuitesSequentially(TestNG.java:1256)
at org.testng.TestNG.runSuitesLocally(TestNG.java:1176)
at org.testng.TestNG.runSuites(TestNG.java:1099)
at org.testng.TestNG.run(TestNG.java:1067)
at org.testng.remote.AbstractRemoteTestNG.run(AbstractRemoteTestNG.java:115)
at org.testng.remote.RemoteTestNG.initAndRun(RemoteTestNG.java:251)
at org.testng.remote.RemoteTestNG.main(RemoteTestNG.java:77)
]]>
            </full-stacktrace>
          </exception> <!-- org.openqa.selenium.NoSuchElementException -->
          <reporter-output>
            <line>
              <![CDATA[Date is selected ]]>
            </line>
          </reporter-output>
        </test-method> <!-- TC_002_Date -->
        <test-method is-config="true" signature="quit()[pri:0, instance:Test_Cases.TC_Stays@272113c4]" started-at="2024-08-27T14:37:33 IST" name="quit" finished-at="2024-08-27T14:37:33 IST" duration-ms="77" status="PASS">
          <reporter-output>
          </reporter-output>
        </test-method> <!-- quit -->
        <test-method is-config="true" signature="All_browser(java.lang.String)[pri:0, instance:Test_Cases.TC_Stays@272113c4]" started-at="2024-08-27T14:37:33 IST" name="All_browser" finished-at="2024-08-27T14:37:45 IST" duration-ms="11878" status="PASS">
          <params>
            <param index="0">
              <value>
                <![CDATA[chrome]]>
              </value>
            </param>
          </params>
          <reporter-output>
          </reporter-output>
        </test-method> <!-- All_browser -->
        <test-method signature="TC_003_members()[pri:0, instance:Test_Cases.TC_Stays@272113c4]" started-at="2024-08-27T14:37:45 IST" name="TC_003_members" finished-at="2024-08-27T14:38:32 IST" duration-ms="46439" status="PASS">
          <reporter-output>
            <line>
              <![CDATA[Travel with pets - Yes]]>
            </line>
            <line>
              <![CDATA[Done and Dusted]]>
            </line>
          </reporter-output>
        </test-method> <!-- TC_003_members -->
        <test-method is-config="true" signature="quit()[pri:0, instance:Test_Cases.TC_Stays@272113c4]" started-at="2024-08-27T14:38:32 IST" name="quit" finished-at="2024-08-27T14:38:32 IST" duration-ms="80" status="PASS">
          <reporter-output>
          </reporter-output>
        </test-method> <!-- quit -->
        <test-method is-config="true" signature="All_browser(java.lang.String)[pri:0, instance:Test_Cases.TC_Stays@272113c4]" started-at="2024-08-27T14:38:32 IST" name="All_browser" finished-at="2024-08-27T14:38:43 IST" duration-ms="10717" status="PASS">
          <params>
            <param index="0">
              <value>
                <![CDATA[chrome]]>
              </value>
            </param>
          </params>
          <reporter-output>
          </reporter-output>
        </test-method> <!-- All_browser -->
        <test-method signature="TC_004_Search()[pri:0, instance:Test_Cases.TC_Stays@272113c4]" started-at="2024-08-27T14:38:43 IST" name="TC_004_Search" finished-at="2024-08-27T14:40:29 IST" duration-ms="106454" status="PASS">
          <reporter-output>
            <line>
              <![CDATA[Date is selected ]]>
            </line>
            <line>
              <![CDATA[Travel with pets - Yes]]>
            </line>
            <line>
              <![CDATA[Done and Dusted]]>
            </line>
          </reporter-output>
        </test-method> <!-- TC_004_Search -->
        <test-method is-config="true" signature="quit()[pri:0, instance:Test_Cases.TC_Stays@272113c4]" started-at="2024-08-27T14:40:29 IST" name="quit" finished-at="2024-08-27T14:40:30 IST" duration-ms="79" status="PASS">
          <reporter-output>
          </reporter-output>
        </test-method> <!-- quit -->
      </class> <!-- Test_Cases.TC_Stays -->
      <class name="Test_Cases.TC_Flexible">
        <test-method is-config="true" signature="All_browser(java.lang.String)[pri:0, instance:Test_Cases.TC_Flexible@1a6d8329]" started-at="2024-08-27T14:40:30 IST" name="All_browser" finished-at="2024-08-27T14:40:41 IST" duration-ms="11706" status="PASS">
          <params>
            <param index="0">
              <value>
                <![CDATA[chrome]]>
              </value>
            </param>
          </params>
          <reporter-output>
          </reporter-output>
        </test-method> <!-- All_browser -->
        <test-method signature="TC_001_Destination()[pri:0, instance:Test_Cases.TC_Flexible@1a6d8329]" started-at="2024-08-27T14:40:41 IST" name="TC_001_Destination" finished-at="2024-08-27T14:40:57 IST" duration-ms="15460" status="PASS">
          <reporter-output>
          </reporter-output>
        </test-method> <!-- TC_001_Destination -->
        <test-method is-config="true" signature="quit()[pri:0, instance:Test_Cases.TC_Flexible@1a6d8329]" started-at="2024-08-27T14:40:57 IST" name="quit" finished-at="2024-08-27T14:40:57 IST" duration-ms="81" status="PASS">
          <reporter-output>
          </reporter-output>
        </test-method> <!-- quit -->
      </class> <!-- Test_Cases.TC_Flexible -->
    </test> <!-- Test -->
  </suite> <!-- Multiple run suite -->
</testng-results>
